This is pdfTeX, Version 3.14159265-2.6-1.40.18 (TeX Live 2017) (preloaded format=pdflatex 2017.5.23)  18 SEP 2018 13:56
entering extended mode
 \write18 enabled.
 file:line:error style messages enabled.
 %&-line parsing enabled.
**LibsmoldynManual.tex
(./LibsmoldynManual.tex
LaTeX2e <2017-04-15>
Babel <3.10> and hyphenation patterns for 84 language(s) loaded.
(/usr/local/texlive/2017/texmf-dist/tex/latex/base/book.cls
Document Class: book 2014/09/29 v1.4h Standard LaTeX document class
(/usr/local/texlive/2017/texmf-dist/tex/latex/base/bk10.clo
File: bk10.clo 2014/09/29 v1.4h Standard LaTeX file (size option)
)
\c@part=\count79
\c@chapter=\count80
\c@section=\count81
\c@subsection=\count82
\c@subsubsection=\count83
\c@paragraph=\count84
\c@subparagraph=\count85
\c@figure=\count86
\c@table=\count87
\abovecaptionskip=\skip41
\belowcaptionskip=\skip42
\bibindent=\dimen102
)
(/usr/local/texlive/2017/texmf-dist/tex/latex/tools/longtable.sty
Package: longtable 2014/10/28 v4.11 Multi-page Table package (DPC)
\LTleft=\skip43
\LTright=\skip44
\LTpre=\skip45
\LTpost=\skip46
\LTchunksize=\count88
\LTcapwidth=\dimen103
\LT@head=\box26
\LT@firsthead=\box27
\LT@foot=\box28
\LT@lastfoot=\box29
\LT@cols=\count89
\LT@rows=\count90
\c@LT@tables=\count91
\c@LT@chunks=\count92
\LT@p@ftn=\toks14
)
(/usr/local/texlive/2017/texmf-dist/tex/latex/listings/listings.sty
(/usr/local/texlive/2017/texmf-dist/tex/latex/graphics/keyval.sty
Package: keyval 2014/10/28 v1.15 key=value parser (DPC)
\KV@toks@=\toks15
)
\lst@mode=\count93
\lst@gtempboxa=\box30
\lst@token=\toks16
\lst@length=\count94
\lst@currlwidth=\dimen104
\lst@column=\count95
\lst@pos=\count96
\lst@lostspace=\dimen105
\lst@width=\dimen106
\lst@newlines=\count97
\lst@lineno=\count98
\lst@maxwidth=\dimen107

(/usr/local/texlive/2017/texmf-dist/tex/latex/listings/lstmisc.sty
File: lstmisc.sty 2015/06/04 1.6 (Carsten Heinz)
\c@lstnumber=\count99
\lst@skipnumbers=\count100
\lst@framebox=\box31
)
(/usr/local/texlive/2017/texmf-dist/tex/latex/listings/listings.cfg
File: listings.cfg 2015/06/04 1.6 listings configuration
))
Package: listings 2015/06/04 1.6 (Carsten Heinz)

(/usr/local/texlive/2017/texmf-dist/tex/latex/url/url.sty
\Urlmuskip=\muskip10
Package: url 2013/09/16  ver 3.4  Verb mode for urls, etc.
)
(/usr/local/texlive/2017/texmf-dist/tex/latex/listings/lstlang1.sty
File: lstlang1.sty 2015/06/04 1.6 listings language file
)
(/usr/local/texlive/2017/texmf-dist/tex/latex/listings/lstmisc.sty
File: lstmisc.sty 2015/06/04 1.6 (Carsten Heinz)
)
(./LibsmoldynManual.aux)
\openout1 = `LibsmoldynManual.aux'.

LaTeX Font Info:    Checking defaults for OML/cmm/m/it on input line 38.
LaTeX Font Info:    ... okay on input line 38.
LaTeX Font Info:    Checking defaults for T1/cmr/m/n on input line 38.
LaTeX Font Info:    ... okay on input line 38.
LaTeX Font Info:    Checking defaults for OT1/cmr/m/n on input line 38.
LaTeX Font Info:    ... okay on input line 38.
LaTeX Font Info:    Checking defaults for OMS/cmsy/m/n on input line 38.
LaTeX Font Info:    ... okay on input line 38.
LaTeX Font Info:    Checking defaults for OMX/cmex/m/n on input line 38.
LaTeX Font Info:    ... okay on input line 38.
LaTeX Font Info:    Checking defaults for U/cmr/m/n on input line 38.
LaTeX Font Info:    ... okay on input line 38.
\c@lstlisting=\count101
LaTeX Font Info:    External font `cmex10' loaded for size
(Font)              <12> on input line 49.
LaTeX Font Info:    External font `cmex10' loaded for size
(Font)              <8> on input line 49.
LaTeX Font Info:    External font `cmex10' loaded for size
(Font)              <6> on input line 49.
LaTeX Font Info:    Try loading font information for OMS+cmr on input line 49.

(/usr/local/texlive/2017/texmf-dist/tex/latex/base/omscmr.fd
File: omscmr.fd 2014/09/29 v2.5h Standard LaTeX font definitions
)
LaTeX Font Info:    Font shape `OMS/cmr/m/n' in size <12> not available
(Font)              Font shape `OMS/cmsy/m/n' tried instead on input line 49.
 [1


{/usr/local/texlive/2017/texmf-var/fonts/map/pdftex/updmap/pdftex.map}]
Overfull \vbox (6.44444pt too high) has occurred while \output is active []


[2

] (./LibsmoldynManual.toc
LaTeX Font Info:    External font `cmex10' loaded for size
(Font)              <7> on input line 3.
LaTeX Font Info:    External font `cmex10' loaded for size
(Font)              <5> on input line 3.
)
\tf@toc=\write3
\openout3 = `LibsmoldynManual.toc'.

 [3]
Overfull \vbox (6.83331pt too high) has occurred while \output is active []


[4

]
Chapter 1.
[5]
Overfull \vbox (6.83331pt too high) has occurred while \output is active []


[6

]
Chapter 2.
LaTeX Font Info:    Font shape `OT1/cmtt/bx/n' in size <9> not available
(Font)              Font shape `OT1/cmtt/m/n' tried instead on input line 72.
[7]
Underfull \hbox (badness 10000) in paragraph at lines 112--113
[][][][][][][][][][][][][][][][][][][][][][][][][][][][][][][][][][][][][][][][
][][][][][][][][][][][][][][][][]
 []


Underfull \hbox (badness 10000) in paragraph at lines 112--113
[][][][][][][][][][][][][][][][][][][][][][][][][][][][][][][][][][][][][][][][
][][][][][][][][][][]
 []


Underfull \hbox (badness 10000) in paragraph at lines 112--113
[][][][][][][][][][][][][][][][][][][][][][][][][][][][][][][][][][][][][][][][
][][][][]
 []


Underfull \hbox (badness 10000) in paragraph at lines 122--123
[][][][][][][][][][][][][][][][][][][][][][][][][][][][][][][][][][][][][][][][
][][][][][][][][][][][][][][][][][][][][][][][][][][]
 []


Underfull \hbox (badness 10000) in paragraph at lines 122--123
[][][][][][][][][][][][][][][][][][][][][][][][][][][][][][][][][][][][][][][][
][][][][][][]
 []


Underfull \hbox (badness 10000) in paragraph at lines 122--123
[][][][][][][][][][][][][][][][][][][][][][][][][][][][][][][][][][][][][][][][
][][][][][][][][][][]
 []


Overfull \vbox (6.83331pt too high) has occurred while \output is active []


[8]
Overfull \vbox (6.83331pt too high) has occurred while \output is active []


[9]
Overfull \vbox (6.83331pt too high) has occurred while \output is active []


[10

]
Chapter 3.

Underfull \hbox (badness 1087) in paragraph at lines 187--188
[]\OT1/cmr/m/n/10 When writing code, it can be helpful to put Libsmoldyn into i
ts debugging mode using the
 []

[11]
Overfull \vbox (6.83331pt too high) has occurred while \output is active []


[12]
Chapter 4.
[13

]
Overfull \vbox (6.83331pt too high) has occurred while \output is active []


[14]
Overfull \vbox (6.44444pt too high) has occurred while \output is active []


[15]
Overfull \vbox (6.83331pt too high) has occurred while \output is active []


[16]
Chapter 5.
(../../source/Smoldyn/libsmoldyn.h [17

]
Underfull \vbox (badness 10000) has occurred while \output is active []


Overfull \vbox (6.83331pt too high) has occurred while \output is active []


[18]
Underfull \vbox (badness 10000) has occurred while \output is active []


Overfull \vbox (6.44444pt too high) has occurred while \output is active []


[19]
Underfull \vbox (badness 10000) has occurred while \output is active []


Overfull \vbox (6.83331pt too high) has occurred while \output is active []


[20])
Overfull \vbox (6.44444pt too high) has occurred while \output is active []


[21]
Overfull \vbox (6.83331pt too high) has occurred while \output is active []


[22

]
Chapter 6.
LaTeX Font Info:    Font shape `OT1/cmtt/bx/n' in size <10> not available
(Font)              Font shape `OT1/cmtt/m/n' tried instead on input line 454.

Underfull \hbox (badness 10000) in paragraph at lines 466--469
[]\OT1/cmtt/m/n/10 smolSetError(const char *errorfunction,enum ErrorCode errorc
ode,const char
 []

[23]
Underfull \hbox (badness 10000) in paragraph at lines 541--544
[]\OT1/cmtt/m/n/10 smolLoadSimFromFile(char *filepath,char *filename,simptr *si
mpointer,char
 []


Underfull \hbox (badness 10000) in paragraph at lines 558--561
[]\OT1/cmtt/m/n/10 smolSetSimTimes(simptr sim,double timestart,double timestop,
double
 []


Overfull \vbox (6.83331pt too high) has occurred while \output is active []


[24]
Underfull \hbox (badness 10000) in paragraph at lines 605--608
[]\OT1/cmtt/m/n/10 smolSetTiffParams(simptr sim,int timesteps,char *tiffname,in
t lowcount,int
 []


Underfull \hbox (badness 10000) in paragraph at lines 610--613
[]\OT1/cmtt/m/n/10 smolSetLightParams(simptr sim,int lightindex,double *ambient
,double
 []


Overfull \vbox (6.83331pt too high) has occurred while \output is active []


[25]
Underfull \hbox (badness 10000) in paragraph at lines 657--660
[]\OT1/cmtt/m/n/10 smolAddCommand(simptr sim,char type,double on,double off,dou
ble
 []


Overfull \vbox (6.83331pt too high) has occurred while \output is active []


[26]
Underfull \hbox (badness 10000) in paragraph at lines 708--711
[]\OT1/cmtt/m/n/10 smolSetSpeciesMobility(simptr sim,char *species,enum MolecSt
ate
 []


Underfull \hbox (badness 10000) in paragraph at lines 728--731
[]\OT1/cmtt/m/n/10 smolSetMolList(simptr sim,char *species,enum MolecState stat
e,char
 []


Underfull \hbox (badness 10000) in paragraph at lines 738--741
[]\OT1/cmtt/m/n/10 smolAddSolutionMolecules(simptr sim,char *species,int number
,double
 []


Overfull \vbox (6.83331pt too high) has occurred while \output is active []


[27]
Underfull \hbox (badness 10000) in paragraph at lines 743--746
[]\OT1/cmtt/m/n/10 smolAddCompartmentMolecules(simptr sim,char *species,int num
ber,char
 []


Underfull \hbox (badness 10000) in paragraph at lines 748--751
[]\OT1/cmtt/m/n/10 smolAddSurfaceMolecules(simptr sim,int speciesindex,enum Mol
ecState
 []


Underfull \hbox (badness 10000) in paragraph at lines 758--761
[]\OT1/cmtt/m/n/10 smolSetMoleculeStyle(simptr sim,const char *species,enum Mol
ecState
 []


Underfull \hbox (badness 10000) in paragraph at lines 790--793
[]\OT1/cmtt/m/n/10 smolSetSurfaceAction(simptr sim,char *surface,enum PanelFace
 face,char
 []


Underfull \hbox (badness 10000) in paragraph at lines 795--798
[]\OT1/cmtt/m/n/10 smolSetSurfaceRate(simptr sim,char *surface,char *species,en
um MolecState
 []


Underfull \hbox (badness 10000) in paragraph at lines 795--798
\OT1/cmtt/m/n/10 state,enum MolecState state1,enum MolecState state2,double rat
e,char *newspecies,int
 []


Overfull \vbox (6.83331pt too high) has occurred while \output is active []


[28]
Underfull \hbox (badness 10000) in paragraph at lines 833--836
[]\OT1/cmtt/m/n/10 smolAddPanel(simptr sim,char *surface,enum PanelShape panels
hape,char *panel,char
 []


Underfull \hbox (badness 10000) in paragraph at lines 838--841
[]\OT1/cmtt/m/n/10 smolGetPanelIndex(simptr sim,char *surface,enum PanelShape *
panelshapeptr,char
 []


Overfull \vbox (6.83331pt too high) has occurred while \output is active []


[29]
Underfull \hbox (badness 10000) in paragraph at lines 843--846
[]\OT1/cmtt/m/n/10 smolGetPanelName(simptr sim,char *surface,enum PanelShape pa
nelshape,int
 []


Underfull \hbox (badness 10000) in paragraph at lines 848--851
[]\OT1/cmtt/m/n/10 smolSetPanelJump(simptr sim,const char *surface,const char *
panel1,enum
 []


Underfull \hbox (badness 10000) in paragraph at lines 853--856
[]\OT1/cmtt/m/n/10 smolAddSurfaceUnboundedEmitter(simptr sim,const char *surfac
e,enum
 []


Underfull \hbox (badness 10000) in paragraph at lines 863--866
[]\OT1/cmtt/m/n/10 smolAddPanelNeighbor(simptr sim,const char *surface1,const c
har
 []


Underfull \hbox (badness 10000) in paragraph at lines 868--871
[]\OT1/cmtt/m/n/10 smolSetSurfaceStyle(simptr sim,const char *surface,enum Pane
lFace
 []


Underfull \hbox (badness 10000) in paragraph at lines 868--871
\OT1/cmtt/m/n/10 face,enum DrawMode mode,double thickness,double *color,int sti
pplefactor,int
 []


Overfull \vbox (6.83331pt too high) has occurred while \output is active []


[30]
Underfull \hbox (badness 10000) in paragraph at lines 905--908
[]\OT1/cmtt/m/n/10 smolAddCompartmentLogic(simptr sim,char *compartment,enum Cm
ptLogic
 []


Underfull \hbox (badness 10000) in paragraph at lines 917--920
[]\OT1/cmtt/m/n/10 smolAddReaction(simptr sim,const char *reaction,const char *
reactant1,enum
 []


Underfull \hbox (badness 10000) in paragraph at lines 917--920
\OT1/cmtt/m/n/10 MolecState rstate1,const char *reactant2,enum MolecState rstat
e2,int nproduct,const
 []


Underfull \hbox (badness 10000) in paragraph at lines 932--935
[]\OT1/cmtt/m/n/10 smolSetReactionRate(simptr sim,int order,char *reaction,doub
le rate,int
 []


Overfull \vbox (6.83331pt too high) has occurred while \output is active []


[31]
Underfull \hbox (badness 10000) in paragraph at lines 937--940
[]\OT1/cmtt/m/n/10 smolSetReactionRegion(simptr sim,const char *reaction,const 
char
 []


Underfull \hbox (badness 10000) in paragraph at lines 942--945
[]\OT1/cmtt/m/n/10 smolSetReactionProducts(simptr sim,const char *reaction,enum
 RevParam
 []


Underfull \hbox (badness 10000) in paragraph at lines 975--978
[]\OT1/cmtt/m/n/10 smolAddPort(simptr sim,const char *port,const char *surface,
enum PanelFace
 []


Underfull \hbox (badness 10000) in paragraph at lines 990--993
[]\OT1/cmtt/m/n/10 smolAddPortMolecules(simptr sim,const char *port,int nmolec,
const char
 []


Underfull \hbox (badness 10000) in paragraph at lines 995--998
[]\OT1/cmtt/m/n/10 smolGetPortMolecules(simptr sim,const char *port,const char 
*species,enum MolecState
 []


Overfull \vbox (6.83331pt too high) has occurred while \output is active []


[32]
Overfull \vbox (6.83331pt too high) has occurred while \output is active []


[33] (./LibsmoldynManual.aux) ) 
Here is how much of TeX's memory you used:
 2402 strings out of 492995
 34760 string characters out of 6132704
 344467 words of memory out of 5000000
 5982 multiletter control sequences out of 15000+600000
 10915 words of font info for 39 fonts, out of 8000000 for 9000
 1141 hyphenation exceptions out of 8191
 26i,6n,49p,1371b,1486s stack positions out of 5000i,500n,10000p,200000b,80000s
</usr/local/texlive/2017/texmf-dist/fonts/type1/
public/amsfonts/cm/cmbx10.pfb></usr/local/texlive/2017/texmf-dist/fonts/type1/p
ublic/amsfonts/cm/cmbx12.pfb></usr/local/texlive/2017/texmf-dist/fonts/type1/pu
blic/amsfonts/cm/cmitt10.pfb></usr/local/texlive/2017/texmf-dist/fonts/type1/pu
blic/amsfonts/cm/cmmi10.pfb></usr/local/texlive/2017/texmf-dist/fonts/type1/pub
lic/amsfonts/cm/cmmi7.pfb></usr/local/texlive/2017/texmf-dist/fonts/type1/publi
c/amsfonts/cm/cmr10.pfb></usr/local/texlive/2017/texmf-dist/fonts/type1/public/
amsfonts/cm/cmr12.pfb></usr/local/texlive/2017/texmf-dist/fonts/type1/public/am
sfonts/cm/cmsl10.pfb></usr/local/texlive/2017/texmf-dist/fonts/type1/public/ams
fonts/cm/cmsy10.pfb></usr/local/texlive/2017/texmf-dist/fonts/type1/public/amsf
onts/cm/cmti10.pfb></usr/local/texlive/2017/texmf-dist/fonts/type1/public/amsfo
nts/cm/cmtt10.pfb></usr/local/texlive/2017/texmf-dist/fonts/type1/public/amsfon
ts/cm/cmtt9.pfb>
Output written on LibsmoldynManual.pdf (33 pages, 232314 bytes).
PDF statistics:
 159 PDF objects out of 1000 (max. 8388607)
 110 compressed objects within 2 object streams
 0 named destinations out of 1000 (max. 500000)
 1 words of extra memory for PDF output out of 10000 (max. 10000000)

